[debug] ----------------------------------------------------------------------
[debug] Command:      /usr/local/Cellar/node/5.1.1/bin/node /usr/local/bin/firebase deploy
[debug] CLI Version:  3.0.7
[debug] Platform:     darwin
[debug] Node Version: v5.1.1
[debug] Time:         Mon Sep 05 2016 15:34:08 GMT+0100 (BST)
[debug] ----------------------------------------------------------------------
[debug] 
[debug] > command requires scopes: ["email","openid","https://www.googleapis.com/auth/cloudplatformprojects.readonly","https://www.googleapis.com/auth/firebase"]
[debug] >>> HTTP REQUEST GET https://admin.firebase.com/v1/projects/hazelparsons-d6eda 
[debug] <<< HTTP RESPONSE 500
[debug] <<< HTTP RESPONSE BODY
[error] 
[error] Error: HTTP Error: 500, An unknown error occurred. Please contact support.
[debug] Error Context: {
  "body": {
    "error": {
      "code": "UNKNOWN_ERROR",
      "message": "An unknown error occurred. Please contact support."
    }
  },
  "response": {
    "statusCode": 500,
    "body": {
      "error": {
        "code": "UNKNOWN_ERROR",
        "message": "An unknown error occurred. Please contact support."
      }
    },
    "headers": {
      "server": "nginx",
      "date": "Mon, 05 Sep 2016 14:34:09 GMT",
      "content-type": "application/json; charset=utf-8",
      "content-length": "97",
      "connection": "close",
      "x-content-type-options": "nosniff"
    },
    "request": {
      "uri": {
        "protocol": "https:",
        "slashes": true,
        "auth": null,
        "host": "admin.firebase.com",
        "port": 443,
        "hostname": "admin.firebase.com",
        "hash": null,
        "search": null,
        "query": null,
        "pathname": "/v1/projects/hazelparsons-d6eda",
        "path": "/v1/projects/hazelparsons-d6eda",
        "href": "https://admin.firebase.com/v1/projects/hazelparsons-d6eda"
      },
      "method": "GET"
    }
  }
}
